TN:
SF:src/domain/useCase/authUseCase.ts
FN:9,(anonymous_7)
FN:18,(anonymous_8)
FNF:2
FNH:2
FNDA:1,(anonymous_7)
FNDA:1,(anonymous_8)
DA:14,1
DA:15,1
DA:16,1
DA:19,1
DA:20,1
DA:21,0
DA:25,1
DA:29,1
DA:30,0
DA:34,1
DA:35,1
DA:43,1
LF:12
LH:10
BRDA:20,0,0,0
BRDA:20,0,1,1
BRDA:29,1,0,0
BRDA:29,1,1,1
BRF:4
BRH:2
end_of_record
TN:
SF:src/infra/helpers/jwt.ts
FN:11,(anonymous_1)
FN:17,(anonymous_2)
FN:22,(anonymous_3)
FNF:3
FNH:1
FNDA:1,(anonymous_1)
FNDA:0,(anonymous_2)
FNDA:0,(anonymous_3)
DA:1,1
DA:2,1
DA:4,1
DA:5,1
DA:7,1
DA:8,1
DA:9,0
DA:11,1
DA:12,1
DA:15,1
DA:17,1
DA:18,0
DA:19,0
DA:20,0
DA:22,0
DA:23,0
DA:27,0
DA:28,0
DA:32,1
LF:19
LH:11
BRDA:8,0,0,0
BRDA:8,0,1,1
BRDA:19,1,0,0
BRDA:19,1,1,0
BRDA:23,2,0,0
BRDA:23,2,1,0
BRF:6
BRH:1
end_of_record
TN:
SF:src/infra/repository/TokenRepository.ts
FN:4,(anonymous_7)
FN:8,(anonymous_9)
FNF:2
FNH:1
FNDA:1,(anonymous_7)
FNDA:0,(anonymous_9)
DA:1,1
DA:5,1
DA:6,1
DA:9,0
DA:12,1
LF:5
LH:4
BRF:0
BRH:0
end_of_record
TN:
SF:src/presentation/errors/missing-param-error.ts
FN:3,(anonymous_0)
FNF:1
FNH:0
FNDA:0,(anonymous_0)
DA:4,0
DA:5,0
DA:8,1
LF:3
LH:1
BRF:0
BRH:0
end_of_record
TN:
SF:src/presentation/errors/unauthorized-error.ts
FN:3,(anonymous_0)
FNF:1
FNH:0
FNDA:0,(anonymous_0)
DA:4,0
DA:5,0
DA:8,1
LF:3
LH:1
BRF:0
BRH:0
end_of_record
TN:
SF:src/presentation/helpers/http-response.ts
FN:5,(anonymous_1)
FN:11,(anonymous_2)
FN:16,(anonymous_3)
FN:22,(anonymous_4)
FNF:4
FNH:0
FNDA:0,(anonymous_1)
FNDA:0,(anonymous_2)
FNDA:0,(anonymous_3)
FNDA:0,(anonymous_4)
DA:1,1
DA:2,1
DA:6,0
DA:12,0
DA:17,0
DA:23,0
DA:30,1
LF:7
LH:3
BRF:0
BRH:0
end_of_record
